ncverilog(64): 15.20-s058: (c) Copyright 1995-2018 Cadence Design Systems, Inc.
TOOL:	ncverilog	15.20-s058: Started on Oct 08, 2020 at 16:21:39 BST
ncverilog
	-sv
	+gui
	+ncaccess+r
	-y
	behavioural
	+libext+.sv
	+define+prog_file=software/code.hex
	testbench/de1_soc_wrapper_stim.sv
	-s
ncsim: *W,DSEM2009: This SystemVerilog design is simulated as per IEEE 1800-2009 SystemVerilog simulation semantics. Use -disable_sem2009 option for turning off SV 2009 simulation semantics.
ncsim> 
ncsim> source /eda/cadence/incisiv/tools/inca/files/ncsimrc
ncsim> 
-------------------------------------
Relinquished control to SimVision...
# Restoring simulation environment...
ncsim> input {testbench/de0_wrapper.tcl}
ncsim> # SimVision command script arm_soc.tcl
ncsim> 
ncsim> simvision {
> 
>   # Open new waveform window
> 
>     window new WaveWindow  -name  "Waves for ARM SoC Example"
>     waveform  using  "Waves for ARM SoC Example"
> 
>   # Add Waves
> 
>     waveform  add  -signals  de1_soc_wrapper_stim.CLOCK_50
>     waveform  add  -signals  de1_soc_wrapper_stim.KEY
>     waveform  add  -signals  de1_soc_wrapper_stim.SW
>     waveform  add  -signals  de1_soc_wrapper_stim.LEDR
>     waveform  add  -signals  de1_soc_wrapper_stim.HEX0
>     waveform  add  -signals  de1_soc_wrapper_stim.HEX1
>     waveform  add  -signals  de1_soc_wrapper_stim.HEX2
>     waveform  add  -signals  de1_soc_wrapper_stim.HEX3
>     waveform  add  -signals  de1_soc_wrapper_stim.VGA_R
>     waveform  add  -signals  de1_soc_wrapper_stim.VGA_G
>     waveform  add  -signals  de1_soc_wrapper_stim.VGA_B
>     waveform  add  -signals  de1_soc_wrapper_stim.VGA_HS
>     waveform  add  -signals  de1_soc_wrapper_stim.VGA_VS
>     waveform  add  -signals  de1_soc_wrapper_stim.VGA_CLK
>     waveform  add  -signals  de1_soc_wrapper_stim.VGA_BLANK_N
>     waveform  add  -signals  de1_soc_wrapper_stim.dut.soc_inst.HADDR
>     waveform  add  -signals  de1_soc_wrapper_stim.dut.soc_inst.HWRITE
>     waveform  add  -signals  de1_soc_wrapper_stim.dut.soc_inst.HSEL_RAM
>     waveform  add  -signals  de1_soc_wrapper_stim.dut.soc_inst.HSEL_SW
>     waveform  add  -signals  de1_soc_wrapper_stim.dut.soc_inst.HSEL_DOUT
> 
> }
ncsim> 
ncsim> input -quiet .reinvoke.sim
ncsim> file delete .reinvoke.sim
ncsim> run
Simulation interrupted at 35438205 NS + 5
ncsim> 