Assembler report for de1_soc_wrapper
Thu Oct  8 16:46:25 2020
Quartus Prime Version 16.1.2 Build 203 01/18/2017 SJ Standard Edition


---------------------
; Table of Contents ;
---------------------
  1. Legal Notice
  2. Assembler Summary
  3. Assembler Settings
  4. Assembler Generated Files
  5. Assembler Device Options: de1_soc_wrapper.sof
  6. Assembler Messages



----------------
; Legal Notice ;
----------------
Copyright (C) 2017  Intel Corporation. All rights reserved.
Your use of Intel Corporation's design tools, logic functions 
and other software and tools, and its AMPP partner logic 
functions, and any output files from any of the foregoing 
(including device programming or simulation files), and any 
associated documentation or information are expressly subject 
to the terms and conditions of the Intel Program License 
Subscription Agreement, the Intel Quartus Prime License Agreement,
the Intel MegaCore Function License Agreement, or other 
applicable license agreement, including, without limitation, 
that your use is for the sole purpose of programming logic 
devices manufactured by Intel and sold by Intel or its 
authorized distributors.  Please refer to the applicable 
agreement for further details.



+---------------------------------------------------------------+
; Assembler Summary                                             ;
+-----------------------+---------------------------------------+
; Assembler Status      ; Successful - Thu Oct  8 16:46:25 2020 ;
; Revision Name         ; de1_soc_wrapper                       ;
; Top-level Entity Name ; de1_soc_wrapper                       ;
; Family                ; Cyclone V                             ;
; Device                ; 5CSEMA5F31C6                          ;
+-----------------------+---------------------------------------+


+----------------------------------+
; Assembler Settings               ;
+--------+---------+---------------+
; Option ; Setting ; Default Value ;
+--------+---------+---------------+


+---------------------------+
; Assembler Generated Files ;
+---------------------------+
; File Name                 ;
+---------------------------+
; de1_soc_wrapper.sof       ;
+---------------------------+


+-----------------------------------------------+
; Assembler Device Options: de1_soc_wrapper.sof ;
+----------------+------------------------------+
; Option         ; Setting                      ;
+----------------+------------------------------+
; Device         ; 5CSEMA5F31C6                 ;
; JTAG usercode  ; 0x0218F368                   ;
; Checksum       ; 0x0218F368                   ;
+----------------+------------------------------+


+--------------------+
; Assembler Messages ;
+--------------------+
Info: *******************************************************************
Info: Running Quartus Prime Assembler
    Info: Version 16.1.2 Build 203 01/18/2017 SJ Standard Edition
    Info: Processing started: Thu Oct  8 16:46:16 2020
Info: Command: quartus_asm --read_settings_files=off --write_settings_files=off project24_09 -c de1_soc_wrapper
Warning (18236): Number of processors has not been specified which may cause overloading on shared machines.  Set the global assignment NUM_PARALLEL_PROCESSORS in your QSF to an appropriate value for best performance.
Info (115030): Assembler is generating device programming files
Info: Quartus Prime Assembler was successful. 0 errors, 1 warning
    Info: Peak virtual memory: 1114 megabytes
    Info: Processing ended: Thu Oct  8 16:46:25 2020
    Info: Elapsed time: 00:00:09
    Info: Total CPU time (on all processors): 00:00:09


